==============================================================================
Generated Quads for the program
  0. :t000	=	3
  1. :b	=	t000
  2. :t001	=	2
  3. :t002	=	b + t001
  4. :a	=	t002
  5. :t003	=	t002
  6. :t004	=	a % b
  7. :b	=	t004
  8. :t005	=	t004
  9. :t006	=	8.900000
 10. :db2	=	t006
 11. :t007	=	 Int2Double(a)
 12. :t008	=	t007 * db2
 13. :db1	=	t008
 14. :t009	=	t008
 15. :t010	=	& a
 16. :p1	=	t010
 17. :t011	=	* p1
 18. :if  t011 ==a	goto 21
 19. :goto 26
 20. :goto 31
 21. :t012	=	2
 22. :t013	=	a * t012
 23. :b	=	t013
 24. :t014	=	t013
 25. :goto 31
 26. :t015	=	3
 27. :t016	=	a * t015
 28. :b	=	t016
 29. :t017	=	t016
 30. :goto 31
 31. :t018	=	11
 32. :t019	=	21
 33. :t020	=	21
 34. :if  a <b	goto 37
 35. :goto 53
 36. :goto 53
 37. :t021	=	0
 38. :t023	=	a * 4
 39. :t022	=	t021 + t023
 40. :arr[t022]	=	a
 41. :t024	=	a
 42. :t025	=	0
 43. :t027	=	a * 84
 44. :t026	=	t025 + t027
 45. :t029	=	b * 4
 46. :t028	=	t026 + t029
 47. :t030	=	a + b
 48. :brr[t028]	=	t030
 49. :t031	=	t030
 50. :t032	=	a
 51. :a	=	a + 1
 52. :goto 34
 53. :t033	=	0
 54. :t034	=	7
 55. :t036	=	t034 * 4
 56. :t035	=	t033 + t036
 57. :t037	=	arr[t035]
 58. :t038	=	arr[t035]
 59. :t038	=	t038 + 1
 60. :arr[t035]	=	t038
 61. :t039	=	2
 62. :t040	=	b << t039
 63. :leftsh	=	t040
 64. :t041	=	& b
 65. :p2	=	t041
 66. :t042	=	'a'
 67. :ch1	=	t042
 68. :t043	=	t042
 69. :t044	=	a + b
 70. :t045	=	 Char2Int(ch1)
 71. :t046	=	t044 * t045
 72. :t047	=	 Int2Double(t046)
 73. :t048	=	t047 + db2
 74. :sum	=	t048
 75. :t049	=	2.300000
 76. :db1	=	t049
 77. :t050	=	t049
 78. :t051	=	db2 / db1
 79. :db2	=	t051
 80. :t052	=	t051
 81. :t053	=	'b'
 82. :ch2	=	t053
 83. :t054	=	t053
 84. :t055	=	ch1
 85. :ch1	=	ch1 + 1
 86. :if  ch1 ==ch2	goto 89
 87. :goto -1
 88. :goto 92
 89. :sum	=	sum - 1
 90. :t056	=	sum
 91. :goto -1
==============================================================================Symbol table Maintained For the Given Program

+++++++++++++++++++++++++++++++++++++++++++++++++++++++++++++++++++++++++++++++++++++
Symbol Table : Global
Name	Value	var_type	size	Offset	Type
main	null	func	0	-1	ptr-to-St( main )Int

+++++++++++++++++++++++++++++++++++++++++++++++++++++++++++++++++++++++++++++++++++++

+++++++++++++++++++++++++++++++++++++++++++++++++++++++++++++++++++++++++++++++++++++
Symbol Table : main
Name	Value	var_type	size	Offset	Type
retVal	null	return	4	0	Int
a	null	local	4	4	Int
b	null	local	4	8	Int
t000	3	temp	4	-1	Int
t001	2	temp	4	-1	Int
t002	null	temp	4	-1	Int
t003	null	temp	4	-1	Int
t004	null	temp	4	-1	Int
t005	null	temp	4	-1	Int
db1	null	local	8	36	Double
db2	null	local	8	44	Double
t006	8.900000	temp	8	-1	Double
t007	null	temp	8	-1	Double
t008	null	temp	8	-1	Double
t009	null	temp	8	-1	Double
p1	null	local	4	84	ptr(Int)
t010	null	temp	4	-1	ptr(Int)
t011	null	temp	4	-1	Int
t012	2	temp	4	-1	Int
t013	null	temp	4	-1	Int
t014	null	temp	4	-1	Int
t015	3	temp	4	-1	Int
t016	null	temp	4	-1	Int
t017	null	temp	4	-1	Int
arr	null	local	44	124	array(11,Int)
t018	11	temp	4	-1	Int
brr	null	local	1764	176	array(21,array(21,Int))
t019	21	temp	4	-1	Int
t020	21	temp	4	-1	Int
t021	0	temp	4	-1	Int
t022	null	temp	4	-1	Int
t023	null	temp	4	-1	Int
t024	null	temp	4	-1	Int
t025	0	temp	4	-1	Int
t026	null	temp	4	-1	Int
t027	null	temp	4	-1	Int
t028	null	temp	4	-1	Int
t029	null	temp	4	-1	Int
t030	null	temp	4	-1	Int
t031	null	temp	4	-1	Int
t032	null	temp	4	-1	Int
t033	0	temp	4	-1	Int
t034	7	temp	4	-1	Int
t035	null	temp	4	-1	Int
t036	null	temp	4	-1	Int
t037	null	temp	4	-1	Int
t038	null	temp	4	-1	Int
leftsh	null	local	4	2012	Int
t039	2	temp	4	-1	Int
t040	null	temp	4	-1	Int
p2	null	local	4	2024	ptr(ptr(Int))
t041	null	temp	4	-1	ptr(Int)
ch1	null	local	1	2032	Char
ch2	null	local	1	2033	Char
t042	a	temp	1	-1	Char
t043	null	temp	1	-1	Char
sum	null	local	8	2036	Double
t044	null	temp	4	-1	Int
t045	null	temp	4	-1	Int
t046	null	temp	4	-1	Int
t047	null	temp	8	-1	Double
t048	null	temp	8	-1	Double
t049	2.300000	temp	8	-1	Double
t050	null	temp	8	-1	Double
t051	null	temp	8	-1	Double
t052	null	temp	8	-1	Double
t053	b	temp	1	-1	Char
t054	null	temp	1	-1	Char
t055	null	temp	1	-1	Char
t056	null	temp	8	-1	Double

+++++++++++++++++++++++++++++++++++++++++++++++++++++++++++++++++++++++++++++++++++++
=============================================================================