==============================================================================
Generated Quads for the program
  0. :t000	=	0
  1. :j	=	t000
  2. :t001	=	0
  3. :k	=	t001
  4. :t002	=	5
  5. :sum	=	t002
  6. :t003	=	10
  7. :t004	=	2
  8. :x	=	t004
  9. :t005	=	5
 10. :y	=	t005
 11. :t006	=	0
 12. :i	=	t006
 13. :t007	=	t006
 14. :if  i <sum	goto 20
 15. :goto 32
 16. :goto 32
 17. :t008	=	i
 18. :i	=	i + 1
 19. :goto 14
 20. :t009	=	0
 21. :t011	=	i * 8
 22. :t010	=	t009 + t011
 23. :t012	=	x + y
 24. :t013	=	 Int2Double(t012)
 25. :a[t010]	=	t013
 26. :t014	=	t013
 27. :t015	=	x
 28. :x	=	x + 1
 29. :t016	=	y
 30. :y	=	y - 1
 31. :goto 17
 32. :t017	=	1
 33. :if  sum >t017	goto 36
 34. :goto 55
 35. :goto 55
 36. :t018	=	0
 37. :t020	=	i * 8
 38. :t019	=	t018 + t020
 39. :t021	=	0
 40. :t022	=	1
 41. :t023	=	i - t022
 42. :t025	=	t023 * 8
 43. :t024	=	t021 + t025
 44. :t026	=	a[t024]
 45. :t027	=	1
 46. :t028	=	 Int2Double(t027)
 47. :t029	=	t026 + t028
 48. :a[t019]	=	t029
 49. :t030	=	t029
 50. :t031	=	1
 51. :t032	=	sum - t031
 52. :sum	=	t032
 53. :t033	=	t032
 54. :goto 32
 55. :t034	=	0
 56. :sum	=	t034
 57. :t035	=	t034
 58. :t036	=	x + y
 59. :x	=	t036
 60. :t037	=	t036
 61. :t038	=	sum
 62. :sum	=	sum + 1
 63. :t039	=	0
 64. :if  sum >t039	goto 66
 65. :goto 70
 66. :t040	=	5
 67. :if  sum <t040	goto 58
 68. :goto 70
 69. :goto 70
 70. :t041	=	1
 71. :whiley	=	t041
 72. :goto 76
 73. :t042	=	whiley
 74. :whiley	=	whiley - 1
 75. :goto 72
 76. :if  whiley ==0	goto -1
 77. :goto 73
==============================================================================Symbol table Maintained For the Given Program

+++++++++++++++++++++++++++++++++++++++++++++++++++++++++++++++++++++++++++++++++++++
Symbol Table : Global
Name	Value	var_type	size	Offset	Type
main	null	func	0	-1	ptr-to-St( main )Int

+++++++++++++++++++++++++++++++++++++++++++++++++++++++++++++++++++++++++++++++++++++

+++++++++++++++++++++++++++++++++++++++++++++++++++++++++++++++++++++++++++++++++++++
Symbol Table : main
Name	Value	var_type	size	Offset	Type
retVal	null	return	4	0	Int
i	null	local	4	4	Int
j	null	local	4	8	Int
t000	0	temp	4	-1	Int
k	null	local	4	16	Int
t001	0	temp	4	-1	Int
sum	null	local	4	24	Int
t002	5	temp	4	-1	Int
a	null	local	80	36	array(10,Double)
t003	10	temp	4	-1	Int
x	null	local	4	116	Int
t004	2	temp	4	-1	Int
y	null	local	4	124	Int
t005	5	temp	4	-1	Int
t006	0	temp	4	-1	Int
t007	null	temp	4	-1	Int
t008	null	temp	4	-1	Int
t009	0	temp	4	-1	Int
t010	null	temp	4	-1	Int
t011	null	temp	4	-1	Int
t012	null	temp	4	-1	Int
t013	null	temp	8	-1	Double
t014	null	temp	8	-1	Double
t015	null	temp	4	-1	Int
t016	null	temp	4	-1	Int
t017	1	temp	4	-1	Int
t018	0	temp	4	-1	Int
t019	null	temp	4	-1	Int
t020	null	temp	4	-1	Int
t021	0	temp	4	-1	Int
t022	1	temp	4	-1	Int
t023	null	temp	4	-1	Int
t024	null	temp	4	-1	Int
t025	null	temp	4	-1	Int
t026	null	temp	8	-1	Double
t027	1	temp	4	-1	Int
t028	null	temp	8	-1	Double
t029	null	temp	8	-1	Double
t030	null	temp	8	-1	Double
t031	1	temp	4	-1	Int
t032	null	temp	4	-1	Int
t033	null	temp	4	-1	Int
t034	0	temp	4	-1	Int
t035	null	temp	4	-1	Int
t036	null	temp	4	-1	Int
t037	null	temp	4	-1	Int
t038	null	temp	4	-1	Int
t039	0	temp	4	-1	Int
t040	5	temp	4	-1	Int
whiley	null	local	4	296	Int
t041	1	temp	4	-1	Int
t042	null	temp	4	-1	Int

+++++++++++++++++++++++++++++++++++++++++++++++++++++++++++++++++++++++++++++++++++++
=============================================================================