==============================================================================
Generated Quads for the program
  0. :t000	=	'a'
  1. :a	=	t000
  2. :t001	=	'b'
  3. :b	=	t001
  4. :t002	=	'c'
  5. :c	=	t002
  6. :t003	=	20
  7. :t004	=	15
  8. :t005	=	& a
  9. :d	=	t005
 10. :t006	=	9
 11. :k	=	t006
 12. :t007	=	10
 13. :t008	=	k + t007
 14. :l	=	t008
 15. :t009	=	50
 16. :i	=	t009
 17. :t010	=	& i
 18. :p	=	t010
 19. :t011	=	 Int2Double(b)
 20. :t012	=	a * t011
 21. :ans	=	t012
 22. :t013	=	t012
 23. :return	ans
 24. :kt	=	b
 25. :t014	=	& c
 26. :p	=	t014
 27. :t015	=	 Int2Double(a)
 28. :t016	=	t015 + b
 29. :t017	=	 Double2Int(t016)
 30. :i	=	t017
 31. :return	c
==============================================================================Symbol table Maintained For the Given Program

+++++++++++++++++++++++++++++++++++++++++++++++++++++++++++++++++++++++++++++++++++++
Symbol Table : Global
Name	Value	var_type	size	Offset	Type
mult	null	func	0	-1	ptr-to-St( mult )Double
garb	null	func	0	-1	ptr-to-St( garb )Char
main	null	func	0	-1	ptr-to-St( main )Int

+++++++++++++++++++++++++++++++++++++++++++++++++++++++++++++++++++++++++++++++++++++

+++++++++++++++++++++++++++++++++++++++++++++++++++++++++++++++++++++++++++++++++++++
Symbol Table : mult
Name	Value	var_type	size	Offset	Type
retVal	null	return	8	0	Double
a	null	param	8	8	Double
b	null	param	4	16	Int
ans	null	local	8	20	Double
t011	null	temp	8	-1	Double
t012	null	temp	8	-1	Double
t013	null	temp	8	-1	Double

+++++++++++++++++++++++++++++++++++++++++++++++++++++++++++++++++++++++++++++++++++++

+++++++++++++++++++++++++++++++++++++++++++++++++++++++++++++++++++++++++++++++++++++
Symbol Table : garb
Name	Value	var_type	size	Offset	Type
retVal	null	return	1	0	Char
a	null	param	4	1	Int
b	null	param	8	5	Double
c	null	param	1	13	Char
kt	null	local	8	14	Double
p	null	local	4	22	ptr(Char)
t014	null	temp	4	-1	ptr(Char)
i	null	local	4	30	Int
t015	null	temp	8	-1	Double
t016	null	temp	8	-1	Double
t017	null	temp	4	-1	Int

+++++++++++++++++++++++++++++++++++++++++++++++++++++++++++++++++++++++++++++++++++++

+++++++++++++++++++++++++++++++++++++++++++++++++++++++++++++++++++++++++++++++++++++
Symbol Table : main
Name	Value	var_type	size	Offset	Type
retVal	null	return	4	0	Int
a	null	local	1	4	Char
t000	a	temp	1	-1	Char
b	null	local	1	6	Char
t001	b	temp	1	-1	Char
c	null	local	1	8	Char
t002	c	temp	1	-1	Char
dp	null	local	2400	18	array(20,array(15,Double))
t003	20	temp	4	-1	Int
t004	15	temp	4	-1	Int
d	null	local	4	2418	ptr(Char)
t005	null	temp	4	-1	ptr(Char)
k	null	local	4	2426	Int
t006	9	temp	4	-1	Int
l	null	local	4	2434	Int
t007	10	temp	4	-1	Int
t008	null	temp	4	-1	Int
i	null	local	4	2446	Int
t009	50	temp	4	-1	Int
p	null	local	4	2454	ptr(Int)
t010	null	temp	4	-1	ptr(Int)

+++++++++++++++++++++++++++++++++++++++++++++++++++++++++++++++++++++++++++++++++++++
=============================================================================